0.000000000000000000e+00 0.000000000000000000e+00 -0.000000000000000000e+00 0.000000000000000000e+00 0.000000000000000000e+00 0.000000000000000000e+00 1.000000000000000000e+00
5.154700000000000254e-02 -2.424899999999999972e-02 1.000725000000000087e+00 1.269999513874124197e-03 2.177999166313262028e-02 8.529996734918330594e-04 9.997616173148206054e-01
1.464630000000000098e-01 -5.051599999999999840e-02 1.995659000000000072e+00 3.620001106918677332e-03 4.435301356220002628e-02 2.847000870551788781e-03 9.990053054743904815e-01
2.879200000000000093e-01 -7.903100000000000402e-02 2.986690999999999985e+00 5.802001601729792936e-03 6.727101857117630257e-02 3.341000922333546563e-03 9.977122754334772914e-01
4.657499999999999973e-01 -1.102930000000000021e-01 3.963845000000000063e+00 7.207000075259100032e-03 9.046000094462858243e-02 2.445000025531913514e-03 9.958710103993831941e-01
6.971640000000000059e-01 -1.438770000000000049e-01 4.934638999999999776e+00 7.276001283162957314e-03 1.138440200770208521e-01 3.941000695017209642e-03 9.934641752028867678e-01
9.715690000000000159e-01 -1.802239999999999953e-01 5.887650999999999968e+00 7.795000008535524563e-03 1.369910001500051488e-01 4.798000005253809722e-03 9.905300010846302960e-01
1.288078999999999974e+00 -2.184879999999999878e-01 6.826202000000000325e+00 9.672001574113547884e-03 1.598100260090039582e-01 6.476001053966018613e-03 9.870791606466529089e-01
1.651331000000000104e+00 -2.547289999999999832e-01 7.743952000000000169e+00 1.121800103056975854e-02 1.819820167182336912e-01 8.504000781241327980e-03 9.832010903242303090e-01
2.050498000000000154e+00 -2.919530000000000181e-01 8.646240000000000592e+00 1.160399504717808845e-02 2.045169127080076754e-01 8.699996286664027356e-03 9.787555822471420974e-01
2.488684999999999814e+00 -3.309239999999999959e-01 9.527392000000000749e+00 1.137600137910704454e-02 2.272320275472267670e-01 9.370001135920623045e-03 9.737291180447013028e-01
2.966292000000000151e+00 -3.697389999999999843e-01 1.038416999999999923e+01 1.094999705882570944e-02 2.502959327703963566e-01 9.810997364761557885e-03 9.680577399792419380e-01
3.483067999999999831e+00 -4.086029999999999940e-01 1.121560000000000024e+01 1.069699786719533786e-02 2.733389455007297908e-01 1.004899799639580836e-02 9.618058082318107216e-01
4.036690000000000111e+00 -4.439739999999999798e-01 1.201877999999999957e+01 1.094000313404878792e-02 2.959960847957864849e-01 1.072600307274289462e-02 9.550662736036049649e-01
4.631439000000000306e+00 -4.790229999999999766e-01 1.279006000000000043e+01 1.183400530067700920e-02 3.183211425821198537e-01 1.251700560660589170e-02 9.478264245495593432e-01
5.252124000000000237e+00 -5.136190000000000477e-01 1.353058000000000050e+01 1.231700123368938311e-02 3.402480340797552349e-01 1.249000125101732556e-02 9.401720941690520084e-01
5.913460999999999856e+00 -5.462709999999999511e-01 1.423731000000000080e+01 1.303000068982128508e-02 3.620310191662847177e-01 1.488900078823861446e-02 9.319560493386865874e-01
6.602642999999999596e+00 -5.777430000000000065e-01 1.491216000000000008e+01 1.315399530739851282e-02 3.836448631372131879e-01 1.527499455074595239e-02 9.232606706328156942e-01
7.315983000000000125e+00 -6.091560000000000308e-01 1.555483000000000082e+01 1.335499775602001435e-02 4.055009318655088957e-01 1.512899745794285371e-02 9.138718464462389779e-01
8.059654000000000096e+00 -6.362919999999999687e-01 1.615500000000000114e+01 1.507800583797882024e-02 4.268241652599464864e-01 1.698700657711541342e-02 9.040493500344154443e-01
8.824946999999999875e+00 -6.652780000000000360e-01 1.672174000000000049e+01 1.565500869146754792e-02 4.477902486076176802e-01 1.697000942153972097e-02 8.938404962492082495e-01
9.617499000000000464e+00 -6.938750000000000195e-01 1.724834999999999852e+01 1.687800521478964241e-02 4.683641447102580013e-01 1.778400549471613815e-02 8.831952728804440822e-01
1.043571999999999989e+01 -7.209799999999999542e-01 1.773582000000000036e+01 1.986999297967441055e-02 4.886348273589937174e-01 1.924899319908166678e-02 8.720496918935616293e-01
1.127338999999999913e+01 -7.448949999999999738e-01 1.818861000000000061e+01 2.041900741616442180e-02 5.083411846290434299e-01 1.969600715357140708e-02 8.606883126011911633e-01
1.213843999999999923e+01 -7.707230000000000469e-01 1.860540999999999912e+01 2.125300023221027984e-02 5.269190057571170316e-01 2.191700023946514461e-02 8.493670092801840488e-01
1.302386000000000088e+01 -7.968990000000000240e-01 1.898486000000000118e+01 2.188900384057928389e-02 5.443150955039021133e-01 2.356200413411892527e-02 8.382641470793253946e-01
1.392281999999999975e+01 -8.194979999999999487e-01 1.933529000000000053e+01 2.325399070628867554e-02 5.604767759993358744e-01 2.382599047768271805e-02 8.275006692803210662e-01
1.484567000000000014e+01 -8.398219999999999574e-01 1.965558000000000050e+01 2.314100986086079295e-02 5.753572451715692759e-01 2.467501051453005814e-02 8.172023482267474215e-01
1.578819000000000017e+01 -8.590109999999999690e-01 1.994857999999999976e+01 2.241700543264983636e-02 5.896621429016892790e-01 2.633600638240023856e-02 8.069091955504326119e-01
1.674608999999999881e+01 -8.779580000000000162e-01 2.020958999999999861e+01 2.231200278150368560e-02 6.035400752397245272e-01 2.684800334697969720e-02 7.965680993033718016e-01
1.771096000000000004e+01 -8.926429999999999643e-01 2.044290000000000163e+01 2.208899546214768486e-02 6.169698732528071661e-01 2.560699473942757917e-02 7.862598384747266911e-01
1.869074000000000169e+01 -9.066819999999999879e-01 2.064544000000000068e+01 2.248699859773330145e-02 6.296519607355346437e-01 2.525799842493652719e-02 7.761409516006279041e-01
1.969165999999999883e+01 -9.204750000000000432e-01 2.081649000000000171e+01 2.287900701035761736e-02 6.417811966482067643e-01 2.606300798596750470e-02 7.661032347417280342e-01
2.070871999999999957e+01 -9.323169999999999513e-01 2.095889999999999986e+01 2.294300335232865237e-02 6.536500955084174613e-01 2.708200395710083294e-02 7.559641104580820947e-01
2.174156999999999940e+01 -9.423529999999999962e-01 2.107450000000000045e+01 2.168800139249986436e-02 6.653120427170263751e-01 2.732000175410809195e-02 7.457500478816291301e-01
2.279075999999999880e+01 -9.484050000000000535e-01 2.116118000000000166e+01 2.156400945528112387e-02 6.763772965746001065e-01 2.785901221548305398e-02 7.357123225915314091e-01
2.385364999999999824e+01 -9.510469999999999757e-01 2.121468000000000131e+01 2.242000465375447449e-02 6.865021424982942211e-01 2.890200599923335376e-02 7.262071507399232573e-01
2.493111999999999995e+01 -9.519269999999999676e-01 2.124069000000000074e+01 2.386299908287338456e-02 6.956709732632782028e-01 3.049999882779357019e-02 7.173159724313956653e-01
2.602347999999999928e+01 -9.509509999999999907e-01 2.124026999999999887e+01 2.526999672307548434e-02 7.038199087311035607e-01 3.220699582350976947e-02 7.091979080337033059e-01
2.712723000000000084e+01 -9.489509999999999890e-01 2.121564000000000050e+01 2.715299519983962323e-02 7.110528742986619299e-01 3.461499388069268907e-02 7.017608759413197506e-01
2.824249000000000009e+01 -9.456290000000000529e-01 2.116968999999999923e+01 2.823299786305859607e-02 7.172599457109554155e-01 3.678699721561069086e-02 6.952609473760487102e-01
2.937021999999999977e+01 -9.414390000000000258e-01 2.110741000000000156e+01 2.926098370346542216e-02 7.226965975032758616e-01 3.814097875786456177e-02 6.894916159963699887e-01
3.050290999999999997e+01 -9.363590000000000524e-01 2.102959999999999852e+01 2.972201724724577929e-02 7.276694222557731351e-01 3.955202295145229113e-02 6.841413969971057440e-01
3.164196000000000097e+01 -9.296870000000000411e-01 2.093984000000000023e+01 2.921899251150920224e-02 7.322438123343557592e-01 4.028598967516545948e-02 6.792218259232793987e-01
3.278681999999999874e+01 -9.216769999999999685e-01 2.083696000000000126e+01 2.895599872076744241e-02 7.364699674638622851e-01 4.049499821099176999e-02 6.746359701955955135e-01
3.394232000000000227e+01 -9.117459999999999454e-01 2.071858999999999895e+01 2.976801380865549962e-02 7.403783434434539901e-01 3.973501843210582724e-02 6.703543109610133888e-01
3.511473000000000155e+01 -9.007199999999999651e-01 2.058532999999999902e+01 3.112598772873738026e-02 7.439057067189523975e-01 3.876698471631312426e-02 6.664327372622773638e-01
3.630912000000000006e+01 -8.891580000000000039e-01 2.043697999999999837e+01 3.230200754541066865e-02 7.471681745306606448e-01 3.831200894928405570e-02 6.627431548098602354e-01
3.752680000000000149e+01 -8.781569999999999654e-01 2.027890000000000015e+01 3.254799244696257587e-02 7.497358260174490363e-01 3.795099119315093611e-02 6.598458468771803975e-01
3.876733000000000118e+01 -8.670200000000000129e-01 2.011084999999999923e+01 3.248500517404960541e-02 7.517141197292759314e-01 3.767700600100560432e-02 6.576101047408577926e-01
4.002403000000000333e+01 -8.564479999999999871e-01 1.993252999999999986e+01 3.328199231089548626e-02 7.534378259340326345e-01 3.756699132093656995e-02 6.556008485372090133e-01
