0.000000000000000000e+00 0.000000000000000000e+00 -0.000000000000000000e+00 0.000000000000000000e+00 0.000000000000000000e+00 0.000000000000000000e+00 1.000000000000000000e+00
9.239926309854006314e-01 -3.849981368358273981e-02 3.804673208450453092e-01 1.060997176163952505e-03 1.300833536768736774e-02 -2.107633959281760558e-04 9.999148029081003086e-01
1.148817487439603546e+00 -1.767538827697403558e-01 1.345008453353901512e+00 2.749570344973614570e-03 3.591331573461777754e-02 2.245299760322154708e-03 9.993486039640271379e-01
1.246984330565314769e+00 -1.777385515185038733e-01 2.340177937079255699e+00 5.265082440591439122e-03 6.004306344667554446e-02 2.221880810825780077e-03 9.981794291030519073e-01
1.399646076313462162e+00 -2.305677115019622303e-01 3.327043414862611126e+00 5.229237615800810812e-03 8.318442575762566293e-02 -5.375053426957086952e-04 9.965203045966188888e-01
1.793155586384021838e+00 -3.973349186549917644e-01 4.231111423423032925e+00 4.615453603131211037e-03 1.052417112198119065e-01 1.082081021382690252e-03 9.944353719112299927e-01
2.111374360192342703e+00 -4.335050700288110015e-01 5.178438469455987736e+00 5.534270951419825724e-03 1.285406622903560170e-01 7.545721204516872647e-04 9.916885098678456245e-01
2.483136996682186570e+00 -4.504818880050564522e-01 6.106611044875839944e+00 7.514615389916936943e-03 1.508292697734088528e-01 2.797767096985357728e-03 9.885273058618224695e-01
3.015857672262653111e+00 -5.059956869987080053e-01 6.951079457506166293e+00 9.343884011392286637e-03 1.714058995565159171e-01 5.166004281357461717e-03 9.851426403463451331e-01
3.492560684639796520e+00 -5.892052558736704526e-01 7.826196824285160503e+00 1.058542024967634720e-02 1.929703939753671660e-01 6.852156991314730695e-03 9.811235517872842760e-01
3.954783183273370639e+00 -6.988713256503573668e-01 8.706153479408962781e+00 9.693745394330911813e-03 2.150820948709266378e-01 7.475041918416346423e-03 9.765192509697294687e-01
4.482526681496242560e+00 -6.867512351011239025e-01 9.555470795545025098e+00 1.012495556561692801e-02 2.375929702144461975e-01 7.045469562657866863e-03 9.712864804670726659e-01
5.089706326881383802e+00 -6.890151619085301826e-01 1.035003215432443646e+01 1.021421663169819541e-02 2.599345990372592952e-01 7.445910944918348456e-03 9.655434906891249280e-01
6.048480903721685564e+00 -8.882842474934198318e-01 1.014744108261873734e+01 2.277324359325789017e-03 2.465309360483913248e-01 4.992797315038189319e-03 9.691193854937777408e-01
6.290016960868673124e+00 -1.023619105626355053e+00 1.110834940773202639e+01 2.210287088561069518e-03 2.726117464471476959e-01 6.687997088037966019e-03 9.620983426994209609e-01
6.836836796273853878e+00 -1.052270362287991201e+00 1.194510933333743097e+01 2.418214873832621407e-03 2.951466296701207859e-01 6.025330436407018778e-03 9.554299108905501825e-01
7.359544666862522178e+00 -1.140788317083903047e+00 1.279301325106833254e+01 2.847909905288262787e-03 3.176677507412108969e-01 9.023084260385234867e-03 9.481548784342257452e-01
8.061886853231602146e+00 -1.220585840552485202e+00 1.350036592724520546e+01 3.025478093312326464e-03 3.389542406963251819e-01 9.700250699505520019e-03 9.407479866216303943e-01
8.738330947797948056e+00 -1.239504193423119016e+00 1.423661689182928036e+01 3.955656596326419770e-03 3.609942715254563783e-01 9.884697133345313538e-03 9.325072554512802148e-01
9.319156056070156069e+00 -1.320804647856852254e+00 1.504657518069942235e+01 5.109751090415461626e-03 3.838605785023370687e-01 1.168568594153578805e-02 9.233029792325598839e-01
1.003793439922066177e+01 -1.286033417815163338e+00 1.574094443043561320e+01 6.020511988658605596e-03 4.051339176819968579e-01 1.097423613632579620e-02 9.141716623918373363e-01
1.081322778319239930e+01 -1.277821731578557607e+00 1.637249232013108369e+01 7.649982521979572028e-03 4.261389929259364884e-01 1.139645441051808858e-02 9.045535679562326514e-01
1.161719484986181605e+01 -1.479638449176144732e+00 1.693187319950497738e+01 8.589630226656904191e-03 4.480445906441505310e-01 1.204424965019769596e-02 8.938888068979544688e-01
1.247382123090804562e+01 -1.639812623030620031e+00 1.742231736281582499e+01 8.058829604913525513e-03 4.671352325029777264e-01 1.203248564998482539e-02 8.840672763477170903e-01
1.301720243901243279e+01 -1.759395534593153565e+00 1.825324262416081922e+01 7.975248061550010634e-03 4.896579879598627616e-01 1.404831309591408374e-02 8.717649311280047941e-01
1.390363804806004389e+01 -1.784204755842288215e+00 1.871542918124940869e+01 8.795463430600582860e-03 5.074779036108949537e-01 1.502441157260041293e-02 8.614888764381286590e-01
1.479597770761084874e+01 -1.886881097482020486e+00 1.915496018227235808e+01 9.270284340788984001e-03 5.238352394768177600e-01 1.474982102734506001e-02 8.516414424452154464e-01
1.572950508209712517e+01 -1.922284798387577265e+00 1.951171390551424523e+01 8.452220665217306458e-03 5.383816441951592147e-01 1.530174413427091464e-02 8.425198049814571766e-01
1.665735305665214483e+01 -1.964405257781054903e+00 1.988228643959445563e+01 7.785338177216817764e-03 5.536304246916048388e-01 1.634198493525497106e-02 8.325657216662450955e-01
1.757862068586736015e+01 -1.938045401735907891e+00 2.027032137790472888e+01 8.314245507092655682e-03 5.679879081329406443e-01 1.685958768855286977e-02 8.228221945471487775e-01
1.850491418525209752e+01 -1.938188640746863811e+00 2.064712415454015115e+01 8.198795323508754548e-03 5.820339919125778749e-01 1.520489016247555600e-02 8.129809489334295369e-01
1.945883205834132923e+01 -1.950231820570811792e+00 2.094695019280342052e+01 7.744971149927577965e-03 5.952916258438494257e-01 1.433953912599688664e-02 8.033444300172419839e-01
2.043549001516801056e+01 -1.973915578636678436e+00 2.116044097707995775e+01 8.250559114067241087e-03 6.074008810543217729e-01 1.489338089248131922e-02 7.942129973592287895e-01
2.140690007636417747e+01 -2.030898578061665738e+00 2.139090882903201063e+01 8.782903166000667963e-03 6.195641061741782307e-01 1.593928049545042039e-02 7.847350624827817978e-01
2.235080624429392415e+01 -2.009511657591990907e+00 2.172042930757167412e+01 8.404449893062658147e-03 6.324914891584211274e-01 1.566786775634343085e-02 7.743632218049406601e-01
2.332739026411137928e+01 -1.994368112391360581e+00 2.193503202254970219e+01 8.426868867612184039e-03 6.437331390593631353e-01 1.602443040054179688e-02 7.650358496098106365e-01
2.432626740688348477e+01 -1.991570004809549488e+00 2.198232498440867744e+01 1.000985071460751448e-02 6.534721373359155816e-01 1.742383624448618981e-02 7.566838035433471887e-01
2.530021541634865656e+01 -1.991108253903845382e+00 2.220909592973663749e+01 1.185015697366851271e-02 6.632198933317354772e-01 1.908995325768308299e-02 7.480872412716047526e-01
2.626629774624252889e+01 -1.982132233598264071e+00 2.246717414060749718e+01 1.414981320005287597e-02 6.725430253506476941e-01 2.068007650073681175e-02 7.396336906026693692e-01
2.725853235929967155e+01 -2.014135116550934690e+00 2.258736685309066061e+01 1.569582447679409090e-02 6.802475646691407141e-01 2.323777451267737201e-02 7.324458325988311147e-01
2.825588700530370900e+01 -1.996991814409383226e+00 2.251672821433077232e+01 1.658227983515005513e-02 6.864827835133812117e-01 2.485638427856264390e-02 7.265318823670336990e-01
2.925310368666487548e+01 -1.960557055265070625e+00 2.258177741679414297e+01 1.755356659392816321e-02 6.925717620422882081e-01 2.557102479967955644e-02 7.206818642176078260e-01
3.024861170869442617e+01 -1.994252870912390785e+00 2.267025549364188564e+01 1.785667774897818638e-02 6.978997577586547596e-01 2.718844234241235905e-02 7.154563968427241072e-01
3.123911502685851715e+01 -2.050715860511011179e+00 2.279561540554164267e+01 1.831105183642270373e-02 7.024745698492985690e-01 2.937404313889607071e-02 7.108666187727211705e-01
3.223460302734901717e+01 -2.010456105652993042e+00 2.270969222462863968e+01 1.745407037768892042e-02 7.067809302853782505e-01 2.857655453097476816e-02 7.066395492351981167e-01
3.323380512772138218e+01 -2.034126544951118110e+00 2.274186166532781783e+01 1.835440447267126102e-02 7.109746172022312072e-01 2.820558458170592531e-02 7.024120261847733859e-01
3.423001182713749557e+01 -2.037298698311277967e+00 2.265490104503611235e+01 2.042781164760271162e-02 7.141952688888245637e-01 2.777573630990072540e-02 6.990967965028538345e-01
3.522954363785327558e+01 -2.024901790453777384e+00 2.262692827179484567e+01 2.135446030989619423e-02 7.176105560827759078e-01 2.717100995015554396e-02 6.955866682461149253e-01
3.622808701689180566e+01 -2.057992889812057413e+00 2.266954398863247988e+01 2.180376795764272721e-02 7.204152590835488645e-01 2.780915935735026046e-02 6.926421159865099320e-01
3.722307150299522505e+01 -2.069535897413521841e+00 2.257018287255062106e+01 2.221983214149355831e-02 7.222107551192303854e-01 2.782607832721158830e-02 6.907558277818890424e-01
3.821382430563591726e+01 -2.183806272707540685e+00 2.264333453274900876e+01 2.430113995616059452e-02 7.242604147342891485e-01 3.042025426354214371e-02 6.884264044734832444e-01
