0.000000000000000000e+00 -0.000000000000000000e+00 0.000000000000000000e+00 0.000000000000000000e+00 0.000000000000000000e+00 0.000000000000000000e+00 1.000000000000000000e+00
7.747160219056907493e-02 -6.802608201673032706e-02 9.946711029377897084e-01 1.836734620396654537e-04 -5.370974871897826546e-05 2.006559798675352623e-03 9.999979685464849277e-01
1.970760362428092272e-01 -8.915079140245033007e-02 1.987267962699300394e+00 3.921646883626306985e-04 -4.795949454621512942e-04 1.393524938351679062e-03 9.999988371412196209e-01
2.341188474330677949e-01 -8.400314755175794512e-02 2.986568383945038541e+00 3.921646883647718893e-04 -4.795949454644081152e-04 1.393524938369037789e-03 9.999988371412196209e-01
1.965388043271812379e-01 -1.043126813534352576e-01 3.985655598955278656e+00 3.921646883641615919e-04 -4.795949454642092183e-04 1.393524938365904011e-03 9.999988371412196209e-01
7.655226943683687835e-02 -1.616033862580918135e-01 4.976776684684230290e+00 3.102923869336755196e-04 2.284140142635632514e-03 3.894846282405322203e-03 9.999897582449931432e-01
4.512896991238478372e-02 -1.971374701742139024e-01 5.975651003668975392e+00 3.102923869340855649e-04 2.284140142638668713e-03 3.894846282401805918e-03 9.999897582449931432e-01
8.486888674153572620e-02 -2.085246704790685024e-01 6.974796173641601982e+00 3.102923869334580829e-04 2.284140142639608066e-03 3.894846282394398215e-03 9.999897582449931432e-01
9.416999715314783304e-02 -2.441881413822593605e-01 7.974116745924714422e+00 -7.605697276845337258e-04 1.452725009555724681e-03 5.378473275723725036e-03 9.999841914495239958e-01
-3.811328943587127815e-02 -2.613078104241836064e-01 8.965180845275055432e+00 -1.027259997275094304e-03 3.130371403192488793e-03 6.674885882084038817e-03 9.999722953213439069e-01
4.280545239644711897e-02 -2.581042458655343208e-01 9.961896398677525966e+00 -3.759364529728053696e-04 1.359495530537448670e-03 6.122267356622820497e-03 9.999802639482939792e-01
-3.863083163358324579e-02 -2.765739306333819258e-01 1.095840380075136622e+01 -3.059274534222871300e-04 1.438182531972787958e-03 6.442304477623026458e-03 9.999781671378707992e-01
5.173460516219141603e-03 -2.825779902330046722e-01 1.195742589022565738e+01 -8.445446254917496191e-05 8.106317389132130851e-04 5.505826523833326665e-03 9.999845106889991841e-01
-5.981521946236341078e-03 -3.186543525190096982e-01 1.295671266710728453e+01 -6.401224955408983219e-05 8.206239920460140554e-04 5.727322792945078490e-03 9.999832599860465354e-01
-1.453255917667532586e-02 -3.220421110662552988e-01 1.395667036763981628e+01 6.337887199848054286e-04 8.052266328085234959e-04 6.993541502603369334e-03 9.999750198375856325e-01
-3.215346596224664955e-02 -3.394568505784240631e-01 1.495636343578212291e+01 6.474656289380411418e-04 5.737957679552053861e-04 8.186375431691775284e-03 9.999661168279491141e-01
-4.716131905717114298e-02 -3.705088140449011025e-01 1.595576852878013163e+01 6.511406418650199325e-04 4.376233641170642393e-04 9.044455437245548651e-03 9.999587903146305301e-01
-3.064890579097416870e-02 -4.120628517106863509e-01 1.695476832966189207e+01 8.472779899099269372e-04 -2.652237539536016230e-04 9.555811241287428398e-03 9.999539480635540878e-01
3.525108432790272084e-02 -4.225604520516255680e-01 1.795253934131206819e+01 1.295354231860840503e-03 -1.178847848855395924e-03 9.023285931906670568e-03 9.999577554507762533e-01
1.612848970665854420e-01 -3.796535990208574352e-01 1.894363695507649581e+01 2.023951752256741236e-03 -3.393502219396511872e-03 8.033162564619450094e-03 9.999599272276874506e-01
1.564777206065672277e-01 -4.030579263440425830e-01 1.994335147858659951e+01 2.014190155038561754e-03 -4.205867973500740375e-03 7.553305328797126419e-03 9.999605998694242048e-01
1.382249347302708375e-01 -4.199241888387823529e-01 2.094304261338634987e+01 2.014190155037603753e-03 -4.205867973501086453e-03 7.553305328808699627e-03 9.999605998694240938e-01
1.217468496137194822e-01 -4.313618916788624635e-01 2.194284141897907148e+01 1.780114220968190102e-03 -4.795860197779839261e-03 8.213870159671817286e-03 9.999531805316305144e-01
9.320934360364938054e-02 -4.606386295846270351e-01 2.294200531112506170e+01 6.941326457539328306e-04 -4.737192216801693230e-03 7.679768762357709957e-03 9.999590483322444712e-01
4.143015042603915427e-02 -4.957879791518297052e-01 2.394004510911854666e+01 2.215985167405595097e-04 -4.824514058319066823e-03 8.120817216616641951e-03 9.999553626467196921e-01
4.373637556997573422e-02 -4.970524369561785671e-01 2.494004165034858644e+01 6.673211736258545957e-04 -4.738122206015197083e-03 5.802734077325014811e-03 9.999717161788327369e-01
5.328485584747873205e-02 -4.645172317863881517e-01 2.593946662849799623e+01 2.418554411651189975e-03 -5.362304976196755404e-03 6.782108949301019971e-03 9.999596988269576769e-01
2.014245308421092062e-02 -4.997780932307160917e-01 2.693829506861635892e+01 2.386309358326539100e-03 -5.433705788434757197e-03 6.382205082633359526e-03 9.999620231925482328e-01
-1.525204061260337224e-02 -5.198985666833426666e-01 2.793746592305717513e+01 2.193751881199746713e-03 -4.744183292145875974e-03 4.829708252493973911e-03 9.999746767272509329e-01
3.091021741619728175e-02 -5.229506688395629821e-01 2.893639521515252255e+01 2.179045305220869960e-03 -5.717616644918229948e-03 5.632178756421283086e-03 9.999654189940345717e-01
-2.129147125082914843e-02 -5.592324460344451076e-01 2.993437247759084485e+01 2.200440914814393197e-03 -5.823963190600679046e-03 5.205122756618954516e-03 9.999670725627035628e-01
-1.241049488889675867e-01 -6.199172653201384664e-01 3.092722027132572293e+01 1.908867315397654680e-03 -4.099030629172326252e-03 6.457100979150419071e-03 9.999689295275220324e-01
-6.935021268468832822e-02 -6.084193496943326451e-01 3.192565390297054151e+01 2.187711092773974002e-03 -4.616022049013820787e-03 5.957920360380397629e-03 9.999692042486093557e-01
-9.475321863579516668e-02 -6.479165104688761057e-01 3.292455062514926567e+01 1.275838043956594500e-03 -4.488772612397474125e-03 6.064390023813587619e-03 9.999707227371004148e-01
-7.618526991049592856e-02 -7.156204592625937666e-01 3.392208328456342059e+01 -3.738930727434513921e-05 -4.841739575436635259e-03 6.723246222963108476e-03 9.999656764710220802e-01
-1.109041528374521690e-01 -7.369003755908204445e-01 3.492125382272462986e+01 -5.575248309052873206e-05 -4.862102518205328565e-03 6.612350183841065113e-03 9.999663162706078356e-01
-1.112019929128879453e-01 -7.525218653189678086e-01 3.592113175544940162e+01 -4.547142378787873710e-05 -4.849143689968719514e-03 6.539020932743910310e-03 9.999668619224664212e-01
-1.015928056338408492e-01 -7.911094848622295395e-01 3.692034077219105370e+01 -1.166098733311781484e-03 -5.053795342256614358e-03 5.502969812167428712e-03 9.999714079360614294e-01
-1.715626856823952440e-01 -8.411581278062049138e-01 3.791663357514882904e+01 -3.142385345268815851e-03 -3.743462641666603884e-03 6.446634354576055714e-03 9.999672758682108809e-01
-1.425537988902413344e-01 -8.701866280613426152e-01 3.891579113562666237e+01 -4.817109046620545940e-03 -3.631432449952756887e-03 7.792207747600486505e-03 9.999514436497467518e-01
-1.696766716137314279e-01 -8.842272570228215667e-01 3.991532463207067138e+01 -6.342141814118463540e-03 -2.690794217431316266e-03 9.138765283185867200e-03 9.999345077717779473e-01
-1.611370255702536947e-01 -8.849534316252073429e-01 4.091528790495417667e+01 -6.597410195960860986e-03 -2.465733017162288418e-03 9.996956581987280835e-03 9.999252248035811474e-01
-1.415341026038187122e-01 -8.912898088178403677e-01 4.191507567030002690e+01 -5.828294298744029871e-03 -2.567052171159840863e-03 1.159783530802535600e-02 9.999124618909825957e-01
-1.454835967376998107e-01 -8.915048672339438429e-01 4.291506784789241635e+01 -5.519508458741511150e-03 -2.078137478291773241e-03 9.404664478636077032e-03 9.999383824301572021e-01
-2.420144507760108032e-01 -8.951214349234792866e-01 4.391039127003055853e+01 -5.519508458741902331e-03 -2.078137478291571145e-03 9.404664478634052610e-03 9.999383824301572021e-01
-2.202536319087012306e-01 -9.297309005835026063e-01 4.490955524638727070e+01 -5.259196151438249797e-03 -2.203770720052871789e-03 1.208179669017776792e-02 9.999107532371033225e-01
-2.511440051086863412e-01 -9.457120079673727586e-01 4.590895025790691619e+01 -4.711450918449384094e-03 -2.321161032586332475e-03 1.334157452295572747e-02 9.998972031318780207e-01
-2.249638297231996709e-01 -9.322946184962516147e-01 4.690851745028398057e+01 -4.695992232978328865e-03 -3.157798178699888075e-03 1.267016483721117824e-02 9.999037168100778361e-01
-2.239427029346817144e-01 -9.211733818130635187e-01 4.790845508603668890e+01 -4.457376998406052150e-03 -3.636332942820636599e-03 1.299948964919616853e-02 9.998989559659933191e-01
-1.802240394520040478e-01 -9.066869187219566140e-01 4.890739393343947228e+01 -4.136795393459331491e-03 -5.116085647876589433e-03 1.232737460663495266e-02 9.999023694475496216e-01
-1.285862988577956556e-01 -8.743842393480243391e-01 4.990553725012880903e+01 -3.067698940577413044e-03 -6.064720678678594233e-03 9.273013372965930798e-03 9.999339076205409071e-01
