0.000000000000000000e+00 -0.000000000000000000e+00 0.000000000000000000e+00 0.000000000000000000e+00 0.000000000000000000e+00 0.000000000000000000e+00 1.000000000000000000e+00
-1.401799999999999921e-02 -2.820299999999999890e-02 1.198998000000000008e+00 6.499999180476904212e-05 -3.439999566283162189e-04 -3.599999546110286327e-04 9.999998739195238295e-01
-2.787399999999999947e-02 -5.608099999999999891e-02 2.384180999999999884e+00 1.289999357718509606e-04 -6.829996599393349478e-04 -7.159996435088781695e-04 9.999995021073718737e-01
-4.180299999999999988e-02 -8.410600000000000021e-02 3.575628000000000029e+00 1.939999769584301265e-04 -1.023999878378517754e-03 -1.072999872558739716e-03 9.999988812291399354e-01
-5.573499999999999982e-02 -1.121359999999999996e-01 4.767291000000000167e+00 2.590000024861410202e-04 -1.366000013112233982e-03 -1.431000013736169084e-03 9.999980095989808859e-01
-6.970700000000000507e-02 -1.402440000000000075e-01 5.962283000000000222e+00 3.249999636944186140e-04 -1.707999809200206167e-03 -1.788999800151738154e-03 9.999968882908538692e-01
-8.362600000000000589e-02 -1.682460000000000067e-01 7.152769000000000155e+00 3.909998129820971714e-04 -2.048999019949660112e-03 -2.145998973553914224e-03 9.999955216952564063e-01
-9.757000000000000395e-02 -1.962980000000000003e-01 8.345399999999999707e+00 4.569999563562777327e-04 -2.389999771753837775e-03 -2.503999760866782148e-03 9.999939045000866278e-01
-1.114990000000000009e-01 -2.243189999999999906e-01 9.536761999999999517e+00 5.230000216325888683e-04 -2.731000112960994645e-03 -2.861000118338119513e-03 9.999920413621716797e-01
-1.254309999999999869e-01 -2.523449999999999860e-01 1.072832000000000008e+01 5.889999588498136653e-04 -3.071999785376278071e-03 -3.217999775176061828e-03 9.999899301362059623e-01
-1.393620000000000136e-01 -2.803700000000000081e-01 1.191982999999999926e+01 6.559997180271096582e-04 -3.412998532967264059e-03 -3.574998463333715383e-03 9.999875701684350915e-01
-1.532999999999999918e-01 -3.084069999999999867e-01 1.311190999999999995e+01 7.229999724920205002e-04 -3.753999857171569886e-03 -3.931999850399204438e-03 9.999849619535727818e-01
-1.671410000000000118e-01 -3.362950000000000106e-01 1.430348000000000042e+01 7.780003685649248277e-04 -4.078001931886585628e-03 -4.221001999630523589e-03 9.999824737253094620e-01
-1.818140000000000034e-01 -3.654240000000000266e-01 1.549658999999999942e+01 9.430001297242933097e-04 -4.550000625923153810e-03 -5.112000703234980889e-03 9.999761375622268078e-01
-1.950729999999999964e-01 -3.924440000000000150e-01 1.668758000000000052e+01 9.149998174566395959e-04 -4.774999047383008365e-03 -4.975999007283321562e-03 9.999758005038476005e-01
-2.081759999999999999e-01 -4.191509999999999958e-01 1.788103999999999871e+01 7.509998891366536505e-04 -5.071999251266454470e-03 -4.690999307510042987e-03 9.999758523825755807e-01
-2.220689999999999886e-01 -4.450810000000000044e-01 1.907663000000000153e+01 5.500002689232473107e-04 -5.317002599754374996e-03 -4.522002211038044471e-03 9.999754889391349044e-01
-2.372950000000000059e-01 -4.715139999999999887e-01 2.027018999999999949e+01 1.011999685269158880e-03 -5.661998239124483787e-03 -4.640998556654314135e-03 9.999726890095419485e-01
-2.531559999999999921e-01 -4.977820000000000022e-01 2.146468000000000131e+01 1.533000298361745107e-03 -5.907001149656116758e-03 -4.513000878347393600e-03 9.999711946204126178e-01
-2.707640000000000047e-01 -5.247439999999999882e-01 2.265882999999999825e+01 1.235999641843817673e-03 -6.313998170389858826e-03 -4.814998604755648358e-03 9.999677102388986327e-01
-2.887910000000000199e-01 -5.527300000000000546e-01 2.385295999999999950e+01 1.171999844755153156e-03 -6.674999115819664659e-03 -4.932999346567551111e-03 9.999648675431624945e-01
-3.071150000000000269e-01 -5.812329999999999997e-01 2.504683999999999955e+01 1.556000285116850360e-03 -7.130001306480168895e-03 -4.937000904641318001e-03 9.999611832299041270e-01
-3.273510000000000031e-01 -6.069839999999999680e-01 2.624309999999999832e+01 1.389999610380383442e-03 -7.545997884841996149e-03 -5.067998579430060130e-03 9.999577197098904469e-01
-3.472489999999999744e-01 -6.329430000000000334e-01 2.744168000000000163e+01 3.040000017496720386e-04 -7.903000045485717925e-03 -4.630000026647964652e-03 9.999580057552583945e-01
-3.677980000000000138e-01 -6.565640000000000365e-01 2.863711999999999946e+01 1.999999651911091054e-04 -8.351998546380716079e-03 -4.306999250390534419e-03 9.999558259632034263e-01
-3.892140000000000044e-01 -6.824259999999999771e-01 2.982829999999999870e+01 8.870002332691174400e-04 -8.757002302973687646e-03 -4.000001051946414608e-03 9.999532629742433620e-01
-4.112759999999999749e-01 -7.087200000000000166e-01 3.102794000000000096e+01 1.287000482612401381e-03 -9.251003469034442192e-03 -3.743001403588359487e-03 9.999493749710863799e-01
-4.357159999999999922e-01 -7.356470000000000509e-01 3.223192999999999842e+01 1.291000061366398555e-03 -9.625000457514782878e-03 -3.949000187711779533e-03 9.999450475313890196e-01
-4.596529999999999783e-01 -7.632529999999999593e-01 3.342023999999999972e+01 1.012000046368831179e-03 -9.955000456128177203e-03 -3.712000170080139664e-03 9.999430458163914848e-01
-4.846980000000000177e-01 -7.915940000000000198e-01 3.461480000000000246e+01 8.820003088196730389e-04 -1.027800359869456004e-02 -3.589001256636969138e-03 9.999403501146757467e-01
-5.098190000000000222e-01 -8.182719999999999994e-01 3.581255999999999773e+01 8.410000879993102633e-04 -1.052500110129933435e-02 -3.210000335883217686e-03 9.999391046301336905e-01
-5.367060000000000164e-01 -8.457829999999999515e-01 3.700927999999999685e+01 8.419998516901592211e-04 -1.082199809381342338e-02 -3.243999428601991152e-03 9.999358238713195179e-01
-5.627410000000000467e-01 -8.734669999999999934e-01 3.820689999999999742e+01 5.890001333469946929e-04 -1.092400247314528200e-02 -2.804000634813197303e-03 9.999362263810875895e-01
-5.904620000000000424e-01 -9.001109999999999944e-01 3.940549000000000035e+01 -1.299999618604217586e-05 -1.087999680801068382e-02 -2.864999159462372144e-03 9.999367066371120938e-01
-6.181699999999999973e-01 -9.268579999999999597e-01 4.060244000000000142e+01 -4.819998642343943803e-04 -1.080499695654072931e-02 -3.094999128227076280e-03 9.999367183463643283e-01
-6.466319999999999846e-01 -9.531290000000000040e-01 4.179870999999999981e+01 -2.699999362971675521e-04 -1.077899745684136705e-02 -3.493999175638160936e-03 9.999357640786834533e-01
-6.756680000000000463e-01 -9.776310000000000278e-01 4.299591999999999814e+01 -2.179999586774577830e-04 -1.072599796685509872e-02 -3.908999259037533418e-03 9.999348104593749342e-01
-7.080159999999999787e-01 -1.000412000000000079e+00 4.419563000000000130e+01 -9.549999607103475336e-04 -1.049399956826637358e-02 -5.388999778291165242e-03 9.999299588618824064e-01
-7.358609999999999873e-01 -1.020364999999999966e+00 4.539562999999999704e+01 -2.516999013478790365e-03 -9.697996198934169879e-03 -5.512997839216752897e-03 9.999346080822066885e-01
-7.617279999999999607e-01 -1.037444000000000033e+00 4.659611999999999910e+01 -3.884999103157773213e-03 -8.825997962540670788e-03 -5.784998664547675098e-03 9.999367691671232627e-01
-7.844470000000000054e-01 -1.051207000000000003e+00 4.780149000000000115e+01 -5.534997934026429818e-03 -7.943997034852025296e-03 -5.915997791815783176e-03 9.999356267675973964e-01
-8.050199999999999578e-01 -1.064092000000000038e+00 4.900453999999999866e+01 -6.592000635304091222e-03 -7.295000703055726753e-03 -5.756000554734580152e-03 9.999350963687495542e-01
-8.220020000000000104e-01 -1.073849999999999971e+00 5.020347999999999900e+01 -5.736999553391812848e-03 -6.556999489557281853e-03 -4.923999616681416953e-03 9.999499221569013718e-01
-8.402899999999999814e-01 -1.085315000000000030e+00 5.140456999999999965e+01 -4.580999969220261869e-03 -6.022999959531464068e-03 -5.171999965249333628e-03 9.999579932812823202e-01
-8.594629999999999770e-01 -1.098286000000000096e+00 5.260582999999999743e+01 -4.487998301667711631e-03 -5.617997874057308744e-03 -5.748997824484775206e-03 9.999576215996082151e-01
-8.753779999999999895e-01 -1.112635000000000041e+00 5.381125000000000114e+01 -4.258001864813614791e-03 -5.594002449921879096e-03 -5.263002304958679968e-03 9.999614379382074647e-01
-8.928730000000000278e-01 -1.127882999999999969e+00 5.501520000000000010e+01 -3.901001857253772603e-03 -5.961002838013262917e-03 -4.929002346681324309e-03 9.999624760787483302e-01
-9.118600000000000039e-01 -1.143151999999999946e+00 5.622026999999999930e+01 -3.874001182992300313e-03 -6.729002054815485037e-03 -5.010001529889371134e-03 9.999573053540091738e-01
-9.332310000000000327e-01 -1.160687000000000024e+00 5.742777000000000243e+01 -4.632998152587722122e-03 -7.495997010964291878e-03 -5.013998000663682196e-03 9.999486012695747439e-01
-9.562150000000000372e-01 -1.175654999999999895e+00 5.863262000000000285e+01 -4.822999954212849917e-03 -7.978999924251363451e-03 -5.008999952447059680e-03 9.999439905070317547e-01
-9.814359999999999751e-01 -1.190277999999999947e+00 5.983856999999999715e+01 -4.688998497616986456e-03 -8.398997308911297643e-03 -5.486998241933121849e-03 9.999386796136986444e-01
